2025-10-23 13:59:23 [INFO] com.parabank.qa.listeners.ExtentReportListener: âœ… -----Test Started-----: runScenario
2025-10-23 13:59:24 [INFO] com.parabank.qa.hooks.Hooks: ğŸ”§ [Before] Starting driver setup for scenario
2025-10-23 13:59:26 [INFO] com.parabank.qa.hooks.Hooks: ğŸŒ Navigating to URL: https://parabank.parasoft.com/
2025-10-23 13:59:28 [INFO] com.parabank.qa.hooks.Hooks: ğŸ“ ExtentTest started for scenario: Transfer funds between user's accounts
2025-10-23 13:59:30 [INFO] com.parabank.qa.helpers.AssertionHelper: âœ… Assert TRUE: User should be logged in and land on Accounts Overview page
2025-10-23 13:59:30 [INFO] com.parabank.qa.stepdefinitions.TransferFundsSteps: fromAccount 14343
2025-10-23 13:59:30 [INFO] com.parabank.qa.stepdefinitions.TransferFundsSteps: toAccount 16452
2025-10-23 13:59:33 [INFO] com.parabank.qa.stepdefinitions.TransferFundsSteps: before click transfer
2025-10-23 13:59:35 [INFO] com.parabank.qa.stepdefinitions.TransferFundsSteps: transferred amount from  14343to account 16452
2025-10-23 13:59:35 [INFO] com.parabank.qa.stepdefinitions.TransferFundsSteps: after click transfer
2025-10-23 13:59:35 [INFO] com.parabank.qa.stepdefinitions.TransferFundsSteps: In method 'Then a transfer confirmation message should be displayed'
2025-10-23 13:59:35 [INFO] com.parabank.qa.stepdefinitions.TransferFundsSteps: Confirmation message received: 'Transfer Funds'
2025-10-23 13:59:35 [INFO] com.parabank.qa.helpers.AssertionHelper: âœ… Assert TRUE: Confirmation message should contain 'Transfer Complete!'
2025-10-23 13:59:35 [INFO] com.parabank.qa.hooks.Hooks: ğŸ§¹ [After] Cleaning up driver after scenario
2025-10-23 13:59:35 [INFO] com.parabank.qa.helpers.ScreenshotUtil: ğŸ“¸ Screenshot captured: logs/run_20251023_135922/screenshots/Transfer funds between user's accounts_20251023_135935.png
2025-10-23 13:59:36 [ERROR] com.parabank.qa.listeners.ExtentReportListener: âŒ---- Test Failed----: runScenario
java.lang.AssertionError: Confirmation message should contain 'Transfer Complete!' expected [true] but found [false]
	at org.testng.Assert.fail(Assert.java:111)
	at org.testng.Assert.failNotEquals(Assert.java:1578)
	at org.testng.Assert.assertTrue(Assert.java:57)
	at com.parabank.qa.helpers.AssertionHelper.verifyTrue(AssertionHelper.java:18)
	at com.parabank.qa.stepdefinitions.TransferFundsSteps.transfer_confirmation_message_should_be_displayed(TransferFundsSteps.java:100)
	at âœ½.a transfer confirmation message should be displayed(file:///C:/Users/thati/eclipse-workspace/JavaProgramming/Parabank-automation-project/src/test/resources/features/transfer-funds.feature:10)
2025-10-23 13:59:36 [ERROR] com.parabank.qa.helpers.ScreenshotUtil: WebDriver instance is null. Cannot take screenshot.
2025-10-23 13:59:36 [INFO] com.parabank.qa.listeners.ExtentReportListener: ğŸ“„ Extent Report Flushed and Finalized.
