<?xml version="1.0" encoding="UTF-8"?>
<!-- Generated by org.testng.reporters.JUnitXMLReporter -->
<testsuite ignored="0" hostname="Sahana-Laptop" failures="1" tests="1" name="Default test" time="11.439" errors="0" timestamp="2025-10-23T14:13:35 EDT">
  <testcase classname="io.cucumber.testng.AbstractTestNGCucumberTests" name="runScenario" time="10.791">
    <failure type="java.lang.AssertionError" message="Confirmation message should contain &amp;apos;Transfer Complete!&amp;apos; expected [true] but found [false]">
      <![CDATA[java.lang.AssertionError: Confirmation message should contain 'Transfer Complete!' expected [true] but found [false]
at org.testng.Assert.fail(Assert.java:111)
at org.testng.Assert.failNotEquals(Assert.java:1578)
at org.testng.Assert.assertTrue(Assert.java:57)
at com.parabank.qa.helpers.AssertionHelper.verifyTrue(AssertionHelper.java:18)
at com.parabank.qa.stepdefinitions.TransferFundsSteps.transfer_confirmation_message_should_be_displayed(TransferFundsSteps.java:100)
at ✽.a transfer confirmation message should be displayed(file:///C:/Users/thati/eclipse-workspace/JavaProgramming/Parabank-automation-project/src/test/resources/features/transfer-funds.feature:10)
]]>
    </failure>
  </testcase> <!-- runScenario -->
</testsuite> <!-- Default test -->
