<?xml version="1.0" encoding="UTF-8"?>
<testng-results ignored="0" total="1" passed="0" failed="1" skipped="0">
  <reporter-output>
  </reporter-output>
  <suite started-at="2025-10-23T14:13:23 EDT" name="Default suite" finished-at="2025-10-23T14:13:35 EDT" duration-ms="11439">
    <groups>
      <group name="cucumber">
        <method signature="AbstractTestNGCucumberTests.runScenario(io.cucumber.testng.PickleWrapper,io.cucumber.testng.FeatureWrapper)[pri:0, instance:com.parabank.qa.runners.TestRunner@2aceadd4]" name="runScenario" class="io.cucumber.testng.AbstractTestNGCucumberTests"/>
      </group> <!-- cucumber -->
    </groups>
    <test started-at="2025-10-23T14:13:23 EDT" name="Default test" finished-at="2025-10-23T14:13:35 EDT" duration-ms="11439">
      <class name="com.parabank.qa.runners.TestRunner">
        <test-method is-config="true" signature="setUpClass(org.testng.ITestContext)[pri:0, instance:com.parabank.qa.runners.TestRunner@2aceadd4]" started-at="2025-10-23T14:13:23 EDT" name="setUpClass" finished-at="2025-10-23T14:13:24 EDT" duration-ms="536" status="PASS">
          <params>
            <param index="0">
              <value>
                <![CDATA[org.testng.TestRunner@4fa4f485]]>
              </value>
            </param>
          </params>
          <reporter-output>
          </reporter-output>
        </test-method> <!-- setUpClass -->
        <test-method signature="runScenario(io.cucumber.testng.PickleWrapper,io.cucumber.testng.FeatureWrapper)[pri:0, instance:com.parabank.qa.runners.TestRunner@2aceadd4]" started-at="2025-10-23T14:13:24 EDT" name="runScenario" description="Runs Cucumber Scenarios" data-provider="scenarios" finished-at="2025-10-23T14:13:35 EDT" duration-ms="10791" status="FAIL">
          <params>
            <param index="0">
              <value>
                <![CDATA["Transfer funds between user's accounts"]]>
              </value>
            </param>
            <param index="1">
              <value>
                <![CDATA["Transfer Funds"]]>
              </value>
            </param>
          </params>
          <exception class="java.lang.AssertionError">
            <message>
              <![CDATA[Confirmation message should contain 'Transfer Complete!' expected [true] but found [false]]]>
            </message>
            <full-stacktrace>
              <![CDATA[java.lang.AssertionError: Confirmation message should contain 'Transfer Complete!' expected [true] but found [false]
at org.testng.Assert.fail(Assert.java:111)
at org.testng.Assert.failNotEquals(Assert.java:1578)
at org.testng.Assert.assertTrue(Assert.java:57)
at com.parabank.qa.helpers.AssertionHelper.verifyTrue(AssertionHelper.java:18)
at com.parabank.qa.stepdefinitions.TransferFundsSteps.transfer_confirmation_message_should_be_displayed(TransferFundsSteps.java:100)
at ✽.a transfer confirmation message should be displayed(file:///C:/Users/thati/eclipse-workspace/JavaProgramming/Parabank-automation-project/src/test/resources/features/transfer-funds.feature:10)
]]>
            </full-stacktrace>
          </exception> <!-- java.lang.AssertionError -->
          <reporter-output>
          </reporter-output>
        </test-method> <!-- runScenario -->
        <test-method is-config="true" signature="tearDownClass()[pri:0, instance:com.parabank.qa.runners.TestRunner@2aceadd4]" started-at="2025-10-23T14:13:35 EDT" name="tearDownClass" finished-at="2025-10-23T14:13:35 EDT" duration-ms="54" status="PASS">
          <reporter-output>
          </reporter-output>
        </test-method> <!-- tearDownClass -->
      </class> <!-- com.parabank.qa.runners.TestRunner -->
    </test> <!-- Default test -->
  </suite> <!-- Default suite -->
</testng-results>
